<?xml version="1.0" encoding="UTF-8"?>
<testng-results ignored="0" total="1" passed="1" failed="0" skipped="0">
  <reporter-output>
  </reporter-output>
  <suite started-at="2025-09-24T16:13:29 IST" name="Default suite" finished-at="2025-09-24T16:13:36 IST" duration-ms="7149">
    <groups>
    </groups>
    <test started-at="2025-09-24T16:13:29 IST" name="Default test" finished-at="2025-09-24T16:13:36 IST" duration-ms="7149">
      <class name="com.parabank.TestCases.RegistrationPageValidation">
        <test-method is-config="true" signature="setUp()[pri:0, instance:com.parabank.TestCases.RegistrationPageValidation@4f83df68]" started-at="2025-09-24T16:13:29 IST" name="setUp" finished-at="2025-09-24T16:13:34 IST" duration-ms="5402" status="PASS">
          <reporter-output>
          </reporter-output>
        </test-method> <!-- setUp -->
        <test-method signature="validateRegsitrationPage()[pri:0, instance:com.parabank.TestCases.RegistrationPageValidation@4f83df68]" started-at="2025-09-24T16:13:34 IST" name="validateRegsitrationPage" finished-at="2025-09-24T16:13:36 IST" duration-ms="1701" status="PASS">
          <reporter-output>
          </reporter-output>
        </test-method> <!-- validateRegsitrationPage -->
      </class> <!-- com.parabank.TestCases.RegistrationPageValidation -->
    </test> <!-- Default test -->
  </suite> <!-- Default suite -->
</testng-results>
