<?xml version="1.0" encoding="UTF-8"?>
<!-- Generated by org.testng.reporters.JUnitReportReporter -->
<testsuite hostname="Sachin" failures="0" tests="3" name="SeliniumGrid.ParallelTest" time="162.525" errors="0" timestamp="2025-10-30T18:40:55 IST" skipped="0">
  <testcase classname="SeliniumGrid.ParallelTest" name="crossBrowserTesting" time="58.959"/>
  <system-out/>
  <testcase classname="SeliniumGrid.ParallelTest" name="crossBrowserTesting" time="54.449"/>
  <system-out/>
  <testcase classname="SeliniumGrid.ParallelTest" name="crossBrowserTesting" time="49.117"/>
  <system-out/>
</testsuite> <!-- SeliniumGrid.ParallelTest -->
